<?xml version="1.0" encoding="UTF-8"?>
<testsuite name="common.libs.http.EncodeTest" tests="2" skipped="0" failures="0" errors="0" timestamp="2017-08-05T20:20:34" hostname="MacBook-Pro.local" time="0.04">
  <properties/>
  <testcase name="encode" classname="common.libs.http.EncodeTest" time="0.033"/>
  <testcase name="encodeMalformedUri" classname="common.libs.http.EncodeTest" time="0.006"/>
  <system-out><![CDATA[]]></system-out>
  <system-err><![CDATA[]]></system-err>
</testsuite>
